<?xml version="1.0" encoding="UTF-8"?>
<!-- Generated by org.testng.reporters.JUnitXMLReporter -->
<testsuite ignored="0" hostname="DESKTOP-GVDRRO4" failures="0" tests="1" name="Test" time="8.369" errors="0" timestamp="2023-08-08T22:11:57 IST">
  <testcase classname="flipkart_output.filpkartOutput" name="@BeforeMethod logintoflipkart" time="0.001">
    <failure type="java.lang.NullPointerException">
      <![CDATA[java.lang.NullPointerException
at org.openqa.selenium.support.pagefactory.DefaultElementLocator.findElement(DefaultElementLocator.java:68)
at org.openqa.selenium.support.pagefactory.internal.LocatingElementHandler.invoke(LocatingElementHandler.java:38)
at com.sun.proxy.$Proxy18.click(Unknown Source)
at POMCLASS.loginpage.clickon_loginbutton(loginpage.java:21)
at flipkart_output.filpkartOutput.logintoflipkart(filpkartOutput.java:28)
at java.base/java.util.ArrayList.forEach(ArrayList.java:1541)
... Removed 31 stack frames]]>
    </failure>
  </testcase> <!-- @BeforeMethod logintoflipkart -->
  <testcase classname="flipkart_output.filpkartOutput" name="@AfterMethod logoutflipkart" time="0.0">
    <skipped/>
  </testcase> <!-- @AfterMethod logoutflipkart -->
  <testcase classname="flipkart_output.filpkartOutput" name="@AfterClass closethebrowser" time="0.0">
    <skipped/>
  </testcase> <!-- @AfterClass closethebrowser -->
  <testcase classname="flipkart_output.filpkartOutput" name="validateusername" time="0.0">
    <skipped/>
  </testcase> <!-- validateusername -->
</testsuite> <!-- Test -->
